Build started 20/12/2015 10:56:47.
     1>Project "E:\ESGI\5A\Maths\trunk\Quaternions\ObjLoader\ObjLoader.vcxproj" on node 2 (Build target(s)).
     1>InitializeBuildStatus:
         Creating "Debug\ObjLoader.tlog\unsuccessfulbuild" because "AlwaysCreate" was specified.
       ClCompile:
         C:\Program Files (x86)\Microsoft Visual Studio 12.0\VC\bin\CL.exe /c /I..\Common /I..\libs /I..\libs\AntTweakBar\include /I..\Libs\freeglut\include /I"..\Libs\glew-1.12.0\include" /I..\Libs\glm /ZI /nologo /W3 /WX- /Od /Oy- /D WIN32 /D _DEBUG /D _CONSOLE /Gm /EHsc /RTC1 /MDd /GS /fp:precise /Zc:wchar_t /Zc:forScope /Fo"Debug\\" /Fd"Debug\vc120.pdb" /Gd /TP /analyze- /errorReport:prompt Quaternion.cpp
         Quaternion.cpp
       Link:
         C:\Program Files (x86)\Microsoft Visual Studio 12.0\VC\bin\link.exe /ERRORREPORT:PROMPT /OUT:"E:\ESGI\5A\Maths\trunk\Quaternions\ObjLoader\Debug\ObjLoader.exe" /INCREMENTAL /NOLOGO /LIBPATH:..\Libs /LIBPATH:..\libs\AntTweakBar\lib /LIBPATH:..\Libs\freeglut\lib /LIBPATH:"..\Libs\glew-1.12.0\lib\Release\Win32" kernel32.lib user32.lib gdi32.lib winspool.lib comdlg32.lib advapi32.lib shell32.lib ole32.lib oleaut32.lib uuid.lib odbc32.lib odbccp32.lib /MANIFEST /MANIFESTUAC:"level='asInvoker' uiAccess='false'" /manifest:embed /DEBUG /PDB:"E:\ESGI\5A\Maths\trunk\Quaternions\ObjLoader\Debug\ObjLoader.pdb" /SUBSYSTEM:CONSOLE /TLBID:1 /DYNAMICBASE /NXCOMPAT /IMPLIB:"E:\ESGI\5A\Maths\trunk\Quaternions\ObjLoader\Debug\ObjLoader.lib" /MACHINE:X86 Debug\Common.obj
         Debug\EsgiShader.obj
         Debug\tiny_obj_loader.obj
         Debug\Matrix4.obj
         Debug\ObjLoader.obj
         Debug\Quaternion.obj
         ObjLoader.vcxproj -> E:\ESGI\5A\Maths\trunk\Quaternions\ObjLoader\Debug\ObjLoader.exe
       FinalizeBuildStatus:
         Deleting file "Debug\ObjLoader.tlog\unsuccessfulbuild".
         Touching "Debug\ObjLoader.tlog\ObjLoader.lastbuildstate".
     1>Done Building Project "E:\ESGI\5A\Maths\trunk\Quaternions\ObjLoader\ObjLoader.vcxproj" (Build target(s)).

Build succeeded.

Time Elapsed 00:00:01.44
